<component name="libraryTable">
  <library name="junit-xml-plugin-2.8.1">
    <CLASSES>
      <root url="jar://$PROJECT_DIR$/.allure/allure-2.8.1/plugins/junit-xml-plugin/junit-xml-plugin-2.8.1.jar!/" />
    </CLASSES>
    <JAVADOC />
    <SOURCES />
  </library>
</component>