<?xml version="1.0" encoding="UTF-8"?>
<!-- Generated by org.testng.reporters.JUnitReportReporter -->
<testsuite skipped="0" hostname="LIN20001635" name="com.client.app.testrunner.RunCucumberFeatures_2" tests="1" failures="0" timestamp="20 Apr 2020 18:28:41 GMT" time="181.447" errors="0">
  <testcase name="feature" time="181.447" classname="com.client.app.testrunner.RunCucumberFeatures_2"/>
</testsuite> <!-- com.client.app.testrunner.RunCucumberFeatures_2 -->
