<?xml version="1.0" encoding="UTF-8"?>
<!-- Generated by org.testng.reporters.JUnitReportReporter -->
<testsuite skipped="0" hostname="LIN20001635" name="com.client.app.testrunner.RunCucumberFeatures_2" tests="1" failures="0" timestamp="22 Apr 2020 12:59:07 GMT" time="339.293" errors="0">
  <testcase name="feature" time="339.293" classname="com.client.app.testrunner.RunCucumberFeatures_2"/>
</testsuite> <!-- com.client.app.testrunner.RunCucumberFeatures_2 -->
